<?xml version="1.0" encoding="UTF-8"?>
<!-- Generated by org.testng.reporters.JUnitReportReporter -->
<testsuite hostname="DESKTOP-EMUI88M" failures="0" tests="1" name="com.training.sanity.tests.SalesReportTest" time="16.395" errors="0" timestamp="26 Aug 2019 13:28:45 GMT" skipped="0">
  <testcase classname="com.training.sanity.tests.SalesReportTest" name="SalesReportTest" time="16.395"/>
</testsuite> <!-- com.training.sanity.tests.SalesReportTest -->
