<?xml version="1.0" encoding="UTF-8"?>
<!-- Generated by org.testng.reporters.JUnitReportReporter -->
<testsuite hostname="DESKTOP-EMUI88M" failures="0" tests="1" name="com.training.sanity.tests.DeleteproductTest" time="30.493" errors="0" timestamp="27 Aug 2019 04:11:49 GMT" skipped="0">
  <testcase classname="com.training.sanity.tests.DeleteproductTest" name="validLoginTest" time="30.493"/>
</testsuite> <!-- com.training.sanity.tests.DeleteproductTest -->
