<?xml version="1.0" encoding="UTF-8"?>
<!-- Generated by org.testng.reporters.JUnitReportReporter -->
<testsuite hostname="DESKTOP-EMUI88M" failures="0" tests="1" name="com.training.sanity.tests.LoginTests" time="8.243" errors="0" timestamp="26 Aug 2019 07:37:25 GMT" skipped="0">
  <testcase classname="com.training.sanity.tests.LoginTests" name="validLoginTest" time="8.243"/>
</testsuite> <!-- com.training.sanity.tests.LoginTests -->
